06:35:21.645 INFO - Launching a standalone Selenium Server
06:35:21.723 INFO - Java: Oracle Corporation 25.66-b18
06:35:21.723 INFO - OS: Windows 8.1 6.3 amd64
06:35:21.723 INFO - v2.50.0, with Core v2.50.0. Built from revision 1070ace
06:35:21.786 INFO - Driver class not found: com.opera.core.systems.OperaDriver
06:35:21.786 INFO - Driver provider com.opera.core.systems.OperaDriver is not registered
06:35:21.786 INFO - Driver provider org.openqa.selenium.safari.SafariDriver registration is skipped:
registration capabilities Capabilities [{browserName=safari, version=, platform=MAC}] does not match the current platform WIN8_1
06:35:21.891 INFO - RemoteWebDriver instances should connect to: http://127.0.0.1:4444/wd/hub
06:35:21.891 INFO - Selenium Server is up and running
06:35:22.167 INFO - Executing: [new session: Capabilities [{acceptSslCerts=true, name=Google, browserName=firefox, javascriptEnabled=true, platform=ANY}]])
06:35:22.184 INFO - Creating a new session for Capabilities [{acceptSslCerts=true, name=Google, browserName=firefox, javascriptEnabled=true, platform=ANY}]
06:35:32.461 INFO - Done: [new session: Capabilities [{acceptSslCerts=true, name=Google, browserName=firefox, javascriptEnabled=true, platform=ANY}]]
06:35:32.480 INFO - Executing: [get: http://remotevalue.epitome.com.ng/sendcommand.html])
06:35:43.023 INFO - Done: [get: http://remotevalue.epitome.com.ng/sendcommand.html]
06:35:43.032 INFO - Executing: [find elements: By.cssSelector: body])
06:35:43.110 INFO - Done: [find elements: By.cssSelector: body]
06:35:43.110 INFO - Executing: [is displayed: 0 [[FirefoxDriver: firefox on WINDOWS (88bceb0f-f40b-40f2-b133-00ef6d61e956)] -> css selector: body]])
06:35:43.126 INFO - Done: [is displayed: 0 [[FirefoxDriver: firefox on WINDOWS (88bceb0f-f40b-40f2-b133-00ef6d61e956)] -> css selector: body]]
06:35:43.141 INFO - Executing: [find element: By.cssSelector: input[id=user]])
06:35:43.157 INFO - Done: [find element: By.cssSelector: input[id=user]]
06:35:43.174 INFO - Executing: [send keys: 1 [[FirefoxDriver: firefox on WINDOWS (88bceb0f-f40b-40f2-b133-00ef6d61e956)] -> css selector: input[id=user]], [M, u, h, a, m, m, a, d,  , U, m, e, r]])
06:35:43.237 INFO - Done: [send keys: 1 [[FirefoxDriver: firefox on WINDOWS (88bceb0f-f40b-40f2-b133-00ef6d61e956)] -> css selector: input[id=user]], [M, u, h, a, m, m, a, d,  , U, m, e, r]]
06:35:43.252 INFO - Executing: [find element: By.cssSelector: input[id=pass]])
06:35:43.268 INFO - Done: [find element: By.cssSelector: input[id=pass]]
06:35:43.268 INFO - Executing: [send keys: 2 [[FirefoxDriver: firefox on WINDOWS (88bceb0f-f40b-40f2-b133-00ef6d61e956)] -> css selector: input[id=pass]], [h, e, l, l, o, 1, 2, 3]])
06:35:46.339 INFO - Done: [send keys: 2 [[FirefoxDriver: firefox on WINDOWS (88bceb0f-f40b-40f2-b133-00ef6d61e956)] -> css selector: input[id=pass]], [h, e, l, l, o, 1, 2, 3]]
06:35:46.339 INFO - Executing: [find element: By.cssSelector: input[id=event]])
06:35:46.371 INFO - Done: [find element: By.cssSelector: input[id=event]]
06:35:46.371 INFO - Executing: [send keys: 3 [[FirefoxDriver: firefox on WINDOWS (88bceb0f-f40b-40f2-b133-00ef6d61e956)] -> css selector: input[id=event]], [i, n, c, o, m, i, n, g, _, m, e, s, s, a, g, e]])
06:35:46.464 INFO - Done: [send keys: 3 [[FirefoxDriver: firefox on WINDOWS (88bceb0f-f40b-40f2-b133-00ef6d61e956)] -> css selector: input[id=event]], [i, n, c, o, m, i, n, g, _, m, e, s, s, a, g, e]]
06:35:46.480 INFO - Executing: [find element: By.cssSelector: input[id=params]])
06:35:46.511 INFO - Done: [find element: By.cssSelector: input[id=params]]
06:35:46.511 INFO - Executing: [send keys: 4 [[FirefoxDriver: firefox on WINDOWS (88bceb0f-f40b-40f2-b133-00ef6d61e956)] -> css selector: input[id=params]], [u, n, d, e, f, i, n, e, d]])
06:35:46.589 INFO - Done: [send keys: 4 [[FirefoxDriver: firefox on WINDOWS (88bceb0f-f40b-40f2-b133-00ef6d61e956)] -> css selector: input[id=params]], [u, n, d, e, f, i, n, e, d]]
06:35:46.589 INFO - Executing: [find element: By.cssSelector: input[type=station]])
06:36:03.468 WARN - Exception thrown
org.openqa.selenium.NoSuchElementException: Unable to locate element: {"method":"css selector","selector":"input[type=station]"}
Command duration or timeout: 78 milliseconds
For documentation on this error, please visit: http://seleniumhq.org/exceptions/no_such_element.html
Build info: version: '2.50.0', revision: '1070ace', time: '2016-01-27 18:43:24'
System info: host: 'intag', ip: '192.168.100.4', os.name: 'Windows 8.1', os.arch: 'amd64', os.version: '6.3', java.version: '1.8.0_66'
Driver info: org.openqa.selenium.firefox.FirefoxDriver
Capabilities [{applicationCacheEnabled=true, rotatable=false, handlesAlerts=true, databaseEnabled=true, version=44.0, platform=WINDOWS, nativeEvents=false, acceptSslCerts=true, webStorageEnabled=true, locationContextEnabled=true, browserName=firefox, takesScreenshot=true, javascriptEnabled=true, cssSelectorsEnabled=true}]
Session ID: 88bceb0f-f40b-40f2-b133-00ef6d61e956
*** Element info: {Using=css selector, value=input[type=station]}
	at sun.reflect.NativeConstructorAccessorImpl.newInstance0(Native Method)
	at sun.reflect.NativeConstructorAccessorImpl.newInstance(Unknown Source)
	at sun.reflect.DelegatingConstructorAccessorImpl.newInstance(Unknown Source)
	at java.lang.reflect.Constructor.newInstance(Unknown Source)
	at org.openqa.selenium.remote.ErrorHandler.createThrowable(ErrorHandler.java:206)
	at org.openqa.selenium.remote.ErrorHandler.throwIfResponseFailed(ErrorHandler.java:158)
	at org.openqa.selenium.remote.RemoteWebDriver.execute(RemoteWebDriver.java:678)
	at org.openqa.selenium.remote.RemoteWebDriver.findElement(RemoteWebDriver.java:363)
	at org.openqa.selenium.remote.RemoteWebDriver.findElementByCssSelector(RemoteWebDriver.java:492)
	at org.openqa.selenium.By$ByCssSelector.findElement(By.java:430)
	at org.openqa.selenium.remote.RemoteWebDriver.findElement(RemoteWebDriver.java:355)
	at sun.reflect.NativeMethodAccessorImpl.invoke0(Native Method)
	at sun.reflect.NativeMethodAccessorImpl.invoke(Unknown Source)
	at sun.reflect.DelegatingMethodAccessorImpl.invoke(Unknown Source)
	at java.lang.reflect.Method.invoke(Unknown Source)
	at org.openqa.selenium.support.events.EventFiringWebDriver$2.invoke(EventFiringWebDriver.java:103)
	at com.sun.proxy.$Proxy1.findElement(Unknown Source)
	at org.openqa.selenium.support.events.EventFiringWebDriver.findElement(EventFiringWebDriver.java:188)
	at org.openqa.selenium.remote.server.handler.FindElement.call(FindElement.java:48)
	at org.openqa.selenium.remote.server.handler.FindElement.call(FindElement.java:1)
	at java.util.concurrent.FutureTask.run(Unknown Source)
	at org.openqa.selenium.remote.server.DefaultSession$1.run(DefaultSession.java:176)
	at java.util.concurrent.ThreadPoolExecutor.runWorker(Unknown Source)
	at java.util.concurrent.ThreadPoolExecutor$Worker.run(Unknown Source)
	at java.lang.Thread.run(Unknown Source)
Caused by: org.openqa.selenium.NoSuchElementException: Unable to locate element: {"method":"css selector","selector":"input[type=station]"}
For documentation on this error, please visit: http://seleniumhq.org/exceptions/no_such_element.html
Build info: version: '2.50.0', revision: '1070ace', time: '2016-01-27 18:43:24'
System info: host: 'intag', ip: '192.168.100.4', os.name: 'Windows 8.1', os.arch: 'amd64', os.version: '6.3', java.version: '1.8.0_66'
Driver info: driver.version: unknown
	at <anonymous class>.FirefoxDriver.prototype.findElementInternal_(file:///C:/Users/INTAGP~1/AppData/Local/Temp/anonymous640342721961147447webdriver-profile/extensions/fxdriver@googlecode.com/components/driver-component.js:10719)
	at <anonymous class>.FirefoxDriver.prototype.findElement(file:///C:/Users/INTAGP~1/AppData/Local/Temp/anonymous640342721961147447webdriver-profile/extensions/fxdriver@googlecode.com/components/driver-component.js:10728)
	at <anonymous class>.DelayedCommand.prototype.executeInternal_/h(file:///C:/Users/INTAGP~1/AppData/Local/Temp/anonymous640342721961147447webdriver-profile/extensions/fxdriver@googlecode.com/components/command-processor.js:12595)
	at <anonymous class>.DelayedCommand.prototype.executeInternal_(file:///C:/Users/INTAGP~1/AppData/Local/Temp/anonymous640342721961147447webdriver-profile/extensions/fxdriver@googlecode.com/components/command-processor.js:12600)
	at <anonymous class>.DelayedCommand.prototype.execute/<(file:///C:/Users/INTAGP~1/AppData/Local/Temp/anonymous640342721961147447webdriver-profile/extensions/fxdriver@googlecode.com/components/command-processor.js:12542)
06:36:03.660 WARN - Exception: Unable to locate element: {"method":"css selector","selector":"input[type=station]"}
For documentation on this error, please visit: http://seleniumhq.org/exceptions/no_such_element.html
Build info: version: '2.50.0', revision: '1070ace', time: '2016-01-27 18:43:24'
System info: host: 'intag', ip: '192.168.100.4', os.name: 'Windows 8.1', os.arch: 'amd64', os.version: '6.3', java.version: '1.8.0_66'
Driver info: driver.version: unknown
06:36:03.692 INFO - Executing: [find elements: By.cssSelector: button[id=go]])
06:36:03.723 INFO - Done: [find elements: By.cssSelector: button[id=go]]
06:36:04.236 INFO - Executing: [find elements: By.cssSelector: button[id=go]])
06:36:04.283 INFO - Done: [find elements: By.cssSelector: button[id=go]]
06:36:04.789 INFO - Executing: [find elements: By.cssSelector: button[id=go]])
06:36:05.469 INFO - Done: [find elements: By.cssSelector: button[id=go]]
06:36:05.477 INFO - Executing: [delete session: 7904f6c7-bd11-4cc0-a744-82ac4e88ffb3])
06:36:13.235 INFO - Done: [delete session: 7904f6c7-bd11-4cc0-a744-82ac4e88ffb3]
